travis_fold:start:worker_info 0K 33;1mWorker information 0m
hostname: dd71dab5-5542-4e16-95bc-782889658069@1.i-0e4e305-production-2-worker-org-ec2.travisci.net
version: v3.6.0 https://github.com/travis-ci/worker/tree/170b2a0bb43234479fd1911ba9e4dbcc36dadfad
instance: a63fa63 travisci/ci-garnet:packer-1512502276-986baf0 (via amqp)
startup: 407.718728ms
travis_fold:end:worker_info 0Kmode of ‘/usr/local/clang-5.0.0/bin' changed from 0777 (rwxrwxrwx) to 0775 (rwxrwxr-x)
travis_fold:start:system_info 0K 33;1mBuild system information 0m
Build language: python
Build group: stable
Build dist: trusty
Build id: 363651829
Job id: 363651831
Runtime kernel version: 4.14.12-041412-generic
travis-build version: ef2f5cbc9
 34m 1mBuild image provisioning date and time 0m
Tue Dec  5 20:11:19 UTC 2017
 34m 1mOperating System Details 0m
Distributor ID:     Ubuntu
Description:     Ubuntu 14.04.5 LTS
Release:     14.04
Codename:     trusty
 34m 1mCookbooks Version 0m
7c2c6a6 https://github.com/travis-ci/travis-cookbooks/tree/7c2c6a6
 34m 1mgit version 0m
git version 2.15.1
 34m 1mbash version 0m
GNU bash, version 4.3.11(1)-release (x86_64-pc-linux-gnu)
 34m 1mgcc version 0m
gcc (Ubuntu 4.8.4-2ubuntu1~14.04.3) 4.8.4
Copyright (C) 2013 Free Software Foundation, Inc.
This is free software; see the source for copying conditions.  There is NO
warranty; not even for MERCHANTABILITY or FITNESS FOR A PARTICULAR PURPOSE.

 34m 1mdocker version 0m
Client:
 Version:      17.09.0-ce
 API version:  1.32
 Go version:   go1.8.3
 Git commit:   afdb6d4
 Built:        Tue Sep 26 22:39:28 2017
 OS/Arch:      linux/amd64
 34m 1mclang version 0m
clang version 5.0.0 (tags/RELEASE_500/final)
Target: x86_64-unknown-linux-gnu
Thread model: posix
InstalledDir: /usr/local/clang-5.0.0/bin
 34m 1mjq version 0m
jq-1.5
 34m 1mbats version 0m
Bats 0.4.0
 34m 1mshellcheck version 0m
0.4.6
 34m 1mshfmt version 0m
v2.0.0
 34m 1mccache version 0m
ccache version 3.1.9

Copyright (C) 2002-2007 Andrew Tridgell
Copyright (C) 2009-2011 Joel Rosdahl

This program is free software; you can redistribute it and/or modify it under
the terms of the GNU General Public License as published by the Free Software
Foundation; either version 3 of the License, or (at your option) any later
version.
 34m 1mcmake version 0m
cmake version 3.9.2

CMake suite maintained and supported by Kitware (kitware.com/cmake).
 34m 1mheroku version 0m
heroku-cli/6.14.39-addc925 (linux-x64) node-v9.2.0
 34m 1mimagemagick version 0m
Version: ImageMagick 6.7.7-10 2017-07-31 Q16 http://www.imagemagick.org
 34m 1mmd5deep version 0m
4.2
 34m 1mmercurial version 0m
Mercurial Distributed SCM (version 4.2.2)
(see https://mercurial-scm.org for more information)

Copyright (C) 2005-2017 Matt Mackall and others
This is free software; see the source for copying conditions. There is NO
warranty; not even for MERCHANTABILITY or FITNESS FOR A PARTICULAR PURPOSE.
 34m 1mmysql version 0m
mysql  Ver 14.14 Distrib 5.6.33, for debian-linux-gnu (x86_64) using  EditLine wrapper
 34m 1mopenssl version 0m
OpenSSL 1.0.1f 6 Jan 2014
 34m 1mpacker version 0m
Packer v1.0.2

Your version of Packer is out of date! The latest version
is 1.1.2. You can update by downloading from www.packer.io
 34m 1mpostgresql client version 0m
psql (PostgreSQL) 9.6.6
 34m 1mragel version 0m
Ragel State Machine Compiler version 6.8 Feb 2013
Copyright (c) 2001-2009 by Adrian Thurston
 34m 1msubversion version 0m
svn, version 1.8.8 (r1568071)
   compiled Aug 10 2017, 17:20:39 on x86_64-pc-linux-gnu

Copyright (C) 2013 The Apache Software Foundation.
This software consists of contributions made by many people;
see the NOTICE file for more information.
Subversion is open source software, see http://subversion.apache.org/

The following repository access (RA) modules are available:

* ra_svn : Module for accessing a repository using the svn network protocol.
  - with Cyrus SASL authentication
  - handles 'svn' scheme
* ra_local : Module for accessing a repository on local disk.
  - handles 'file' scheme
* ra_serf : Module for accessing a repository via WebDAV protocol using serf.
  - using serf 1.3.3
  - handles 'http' scheme
  - handles 'https' scheme

 34m 1msudo version 0m
Sudo version 1.8.9p5
Configure options: -- prefix=/usr -v -- with-all-insults -- with-pam -- with-fqdn -- with-logging=syslog -- with-logfac=authpriv -- with-env-editor -- with-editor=/usr/bin/editor -- with-timeout=15 -- with-password-timeout=0 -- with-passprompt=[sudo] password for %p: -- without-lecture -- with-tty-tickets -- disable-root-mailer -- enable-admin-flag -- with-sendmail=/usr/sbin/sendmail -- with-timedir=/var/lib/sudo -- mandir=/usr/share/man -- libexecdir=/usr/lib/sudo -- with-sssd -- with-sssd-lib=/usr/lib/x86_64-linux-gnu -- with-selinux
Sudoers policy plugin version 1.8.9p5
Sudoers file grammar version 43

Sudoers path: /etc/sudoers
Authentication methods: 'pam'
Syslog facility if syslog is being used for logging: authpriv
Syslog priority to use when user authenticates successfully: notice
Syslog priority to use when user authenticates unsuccessfully: alert
Send mail if the user is not in sudoers
Use a separate timestamp for each user/tty combo
Lecture user the first time they run sudo
Root may run sudo
Allow some information gathering to give useful error messages
Require fully-qualified hostnames in the sudoers file
Visudo will honor the EDITOR environment variable
Set the LOGNAME and USER environment variables
Length at which to wrap log file lines (0 for no wrap): 80
Authentication timestamp timeout: 15.0 minutes
Password prompt timeout: 0.0 minutes
Number of tries to enter a password: 3
Umask to use or 0777 to use user's: 022
Path to mail program: /usr/sbin/sendmail
Flags for mail program: -t
Address to send mail to: root
Subject line for mail messages: *** SECURITY information for %h ***
Incorrect password message: Sorry, try again.
Path to authentication timestamp dir: /var/lib/sudo
Default password prompt: [sudo] password for %p:
Default user to run commands as: root
Value to override user's $PATH with: /usr/local/sbin:/usr/local/bin:/usr/sbin:/usr/bin:/sbin:/bin:/snap/bin
Path to the editor for use by visudo: /usr/bin/editor
When to require a password for 'list' pseudocommand: any
When to require a password for 'verify' pseudocommand: all
File descriptors >= 3 will be closed before executing a command
Environment variables to check for sanity:
     TZ
     TERM
     LINGUAS
     LC_*
     LANGUAGE
     LANG
     COLORTERM
Environment variables to remove:
     RUBYOPT
     RUBYLIB
     PYTHONUSERBASE
     PYTHONINSPECT
     PYTHONPATH
     PYTHONHOME
     TMPPREFIX
     ZDOTDIR
     READNULLCMD
     NULLCMD
     FPATH
     PERL5DB
     PERL5OPT
     PERL5LIB
     PERLLIB
     PERLIO_DEBUG
     JAVA_TOOL_OPTIONS
     SHELLOPTS
     GLOBIGNORE
     PS4
     BASH_ENV
     ENV
     TERMCAP
     TERMPATH
     TERMINFO_DIRS
     TERMINFO
     _RLD*
     LD_*
     PATH_LOCALE
     NLSPATH
     HOSTALIASES
     RES_OPTIONS
     LOCALDOMAIN
     CDPATH
     IFS
Environment variables to preserve:
     JAVA_HOME
     TRAVIS
     CI
     DEBIAN_FRONTEND
     XAUTHORIZATION
     XAUTHORITY
     PS2
     PS1
     PATH
     LS_COLORS
     KRB5CCNAME
     HOSTNAME
     HOME
     DISPLAY
     COLORS
Locale to use while parsing sudoers: C
Directory in which to store input/output logs: /var/log/sudo-io
File in which to store the input/output log: %{seq}
Add an entry to the utmp/utmpx file when allocating a pty
PAM service name to use
PAM service name to use for login shells
Create a new PAM session for the command to run in
Maximum I/O log sequence number: 0

Local IP address and netmask pairs:
     172.17.0.2/255.255.0.0

Sudoers I/O plugin version 1.8.9p5
 34m 1mgzip version 0m
gzip 1.6
Copyright (C) 2007, 2010, 2011 Free Software Foundation, Inc.
Copyright (C) 1993 Jean-loup Gailly.
This is free software.  You may redistribute copies of it under the terms of
the GNU General Public License <http://www.gnu.org/licenses/gpl.html>.
There is NO WARRANTY, to the extent permitted by law.

Written by Jean-loup Gailly.
 34m 1mzip version 0m
Copyright (c) 1990-2008 Info-ZIP - Type 'zip "-L"' for software license.
This is Zip 3.0 (July 5th 2008), by Info-ZIP.
Currently maintained by E. Gordon.  Please send bug reports to
the authors using the web page at www.info-zip.org; see README for details.

Latest sources and executables are at ftp://ftp.info-zip.org/pub/infozip,
as of above date; see http://www.info-zip.org/ for other sites.

Compiled with gcc 4.8.2 for Unix (Linux ELF) on Oct 21 2013.

Zip special compilation options:
     USE_EF_UT_TIME       (store Universal Time)
     BZIP2_SUPPORT        (bzip2 library version 1.0.6, 6-Sept-2010)
         bzip2 code and library copyright (c) Julian R Seward
         (See the bzip2 license for terms of use)
     SYMLINK_SUPPORT      (symbolic links supported)
     LARGE_FILE_SUPPORT   (can read and write large files on file system)
     ZIP64_SUPPORT        (use Zip64 to store large files in archives)
     UNICODE_SUPPORT      (store and read UTF-8 Unicode paths)
     STORE_UNIX_UIDs_GIDs (store UID/GID sizes/values using new extra field)
     UIDGID_NOT_16BIT     (old Unix 16-bit UID/GID extra field not used)
     [encryption, version 2.91 of 05 Jan 2007] (modified for Zip 3)

Encryption notice:
     The encryption code of this program is not copyrighted and is
     put in the public domain.  It was originally written in Europe
     and, to the best of our knowledge, can be freely distributed
     in both source and object forms from any country, including
     the USA under License Exception TSU of the U.S. Export
     Administration Regulations (section 740.13(e)) of 6 June 2002.

Zip environment options:
             ZIP:  [none]
          ZIPOPT:  [none]
 34m 1mvim version 0m
VIM - Vi IMproved 7.4 (2013 Aug 10, compiled Nov 24 2016 16:43:18)
Included patches: 1-52
Extra patches: 8.0.0056
Modified by pkg-vim-maintainers@lists.alioth.debian.org
Compiled by buildd@
Huge version without GUI.  Features included (+) or not (-):
+acl             +farsi           +mouse_netterm   +syntax
+arabic          +file_in_path    +mouse_sgr       +tag_binary
+autocmd         +find_in_path    -mouse_sysmouse  +tag_old_static
-balloon_eval    +float           +mouse_urxvt     -tag_any_white
-browse          +folding         +mouse_xterm     -tcl
++builtin_terms  -footer          +multi_byte      +terminfo
+byte_offset     +fork()          +multi_lang      +termresponse
+cindent         +gettext         -mzscheme        +textobjects
-clientserver    -hangul_input    +netbeans_intg   +title
-clipboard       +iconv           +path_extra      -toolbar
+cmdline_compl   +insert_expand   -perl            +user_commands
+cmdline_hist    +jumplist        +persistent_undo +vertsplit
+cmdline_info    +keymap          +postscript      +virtualedit
+comments        +langmap         +printer         +visual
+conceal         +libcall         +profile         +visualextra
+cryptv          +linebreak       +python          +viminfo
+cscope          +lispindent      -python3         +vreplace
+cursorbind      +listcmds        +quickfix        +wildignore
+cursorshape     +localmap        +reltime         +wildmenu
+dialog_con      -lua             +rightleft       +windows
+diff            +menu            -ruby            +writebackup
+digraphs        +mksession       +scrollbind      -X11
-dnd             +modify_fname    +signs           -xfontset
-ebcdic          +mouse           +smartindent     -xim
+emacs_tags      -mouseshape      -sniff           -xsmp
+eval            +mouse_dec       +startuptime     -xterm_clipboard
+ex_extra        +mouse_gpm       +statusline      -xterm_save
+extra_search    -mouse_jsbterm   -sun_workshop    -xpm
   system vimrc file: "$VIM/vimrc"
     user vimrc file: "$HOME/.vimrc"
 2nd user vimrc file: "~/.vim/vimrc"
      user exrc file: "$HOME/.exrc"
  fall-back for $VIM: "/usr/share/vim"
Compilation: gcc -c -I. -Iproto -DHAVE_CONFIG_H     -g -O2 -fstack-protector -- param=ssp-buffer-size=4 -Wformat -Werror=format-security -U_FORTIFY_SOURCE -D_FORTIFY_SOURCE=1
Linking: gcc   -Wl,-Bsymbolic-functions -Wl,-z,relro -Wl, -- as-needed -o vim        -lm -ltinfo -lnsl  -lselinux  -lacl -lattr -lgpm -ldl    -L/usr/lib/python2.7/config-x86_64-linux-gnu -lpython2.7 -lpthread -ldl -lutil -lm -Xlinker -export-dynamic -Wl,-O1 -Wl,-Bsymbolic-functions
 34m 1miptables version 0m
iptables v1.4.21
 34m 1mcurl version 0m
curl 7.35.0 (x86_64-pc-linux-gnu) libcurl/7.35.0 OpenSSL/1.0.1f zlib/1.2.8 libidn/1.28 librtmp/2.3
 34m 1mwget version 0m
GNU Wget 1.15 built on linux-gnu.
 34m 1mrsync version 0m
rsync  version 3.1.0  protocol version 31
 34m 1mgimme version 0m
v1.2.0
 34m 1mnvm version 0m
0.33.6
 34m 1mperlbrew version 0m
/home/travis/perl5/perlbrew/bin/perlbrew  - App::perlbrew/0.80
 34m 1mphpenv version 0m
rbenv 1.1.1-25-g6aa70b6
 34m 1mrvm version 0m
rvm 1.29.3 (latest) by Michal Papis, Piotr Kuczynski, Wayne E. Seguin [https://rvm.io]
 34m 1mdefault ruby version 0m
ruby 2.4.1p111 (2017-03-22 revision 58053) [x86_64-linux]
 34m 1mCouchDB version 0m
couchdb 1.6.1
 34m 1mElasticSearch version 0m
5.5.0
 34m 1mInstalled Firefox version 0m
firefox 56.0.2
 34m 1mMongoDB version 0m
MongoDB 3.4.10
 34m 1mPhantomJS version 0m
2.1.1
 34m 1mPre-installed PostgreSQL versions 0m
9.2.24
9.3.20
9.4.15
9.5.10
9.6.6
 34m 1mRabbitMQ Version 0m
3.6.14
 34m 1mRedis version 0m
redis-server 4.0.6
 34m 1mriak version 0m
2.2.3
 34m 1mPre-installed Go versions 0m
1.7.4
 34m 1mant version 0m
Apache Ant(TM) version 1.9.3 compiled on April 8 2014
 34m 1mmvn version 0m
Apache Maven 3.5.2 (138edd61fd100ec658bfa2d307c43b76940a5d7d; 2017-10-18T07:58:13Z)
Maven home: /usr/local/maven-3.5.2
Java version: 1.8.0_151, vendor: Oracle Corporation
Java home: /usr/lib/jvm/java-8-oracle/jre
Default locale: en_US, platform encoding: UTF-8
OS name: "linux", version: "4.4.0-101-generic", arch: "amd64", family: "unix"
 34m 1mgradle version 0m

 --  --  --  --  --  --  --  --  --  --  --  --  --  --  --  --  --  --  --  --  --  --  --  --  --  --  --  --  --  -- 
Gradle 4.0.1
 --  --  --  --  --  --  --  --  --  --  --  --  --  --  --  --  --  --  --  --  --  --  --  --  --  --  --  --  --  -- 

Build time:   2017-07-07 14:02:41 UTC
Revision:     38e5dc0f772daecca1d2681885d3d85414eb6826

Groovy:       2.4.11
Ant:          Apache Ant(TM) version 1.9.6 compiled on June 29 2015
JVM:          1.8.0_151 (Oracle Corporation 25.151-b12)
OS:           Linux 4.4.0-101-generic amd64

 34m 1mlein version 0m
Leiningen 2.8.1 on Java 1.8.0_151 Java HotSpot(TM) 64-Bit Server VM
 34m 1mPre-installed Node.js versions 0m
v4.8.6
v6.12.0
v6.12.1
v8.9
v8.9.1
 34m 1mphpenv versions 0m
  system
  5.6
* 5.6.32 (set by /home/travis/.phpenv/version)
  7.0
  7.0.25
  7.1
  7.1.11
  hhvm
  hhvm-stable
 34m 1mcomposer -- version 0m
Composer version 1.5.2 2017-09-11 16:59:25
 34m 1mPre-installed Ruby versions 0m
ruby-2.2.7
ruby-2.3.4
ruby-2.4.1
travis_fold:end:system_info 0K
removed ‘/etc/apt/sources.list.d/basho_riak.list'
 32;1mNetwork availability confirmed. 0m
127.0.0.1     localhost
::1      ip6-localhost ip6-loopback
fe00::0     ip6-localnet
ff00::0     ip6-mcastprefix
ff02::1     ip6-allnodes
ff02::2     ip6-allrouters
172.17.0.11     travis-job-mathsci-try-repo-363651831.travisci.net travis-job-mathsci-try-repo-363651831
W: http://ppa.launchpad.net/couchdb/stable/ubuntu/dists/trusty/Release.gpg: Signature by key 15866BAFD9BCC4F3C1E0DFC7D69548E1C17EAB57 uses weak digest algorithm (SHA1)
travis_fold:start:git.checkout 0Ktravis_time:start:1f835ee8 0K$ git clone -- depth=50 -- branch=master https://github.com/MathSci/try_repo.git MathSci/try_repo
Cloning into 'MathSci/try_repo'...
remote: Counting objects: 42, done. K
remote: Compressing objects:   3% (1/30)    Kremote: Compressing objects:   6% (2/30)    Kremote: Compressing objects:  10% (3/30)    Kremote: Compressing objects:  13% (4/30)    Kremote: Compressing objects:  16% (5/30)    Kremote: Compressing objects:  20% (6/30)    Kremote: Compressing objects:  23% (7/30)    Kremote: Compressing objects:  26% (8/30)    Kremote: Compressing objects:  30% (9/30)    Kremote: Compressing objects:  33% (10/30)    Kremote: Compressing objects:  36% (11/30)    Kremote: Compressing objects:  40% (12/30)    Kremote: Compressing objects:  43% (13/30)    Kremote: Compressing objects:  46% (14/30)    Kremote: Compressing objects:  50% (15/30)    Kremote: Compressing objects:  53% (16/30)    Kremote: Compressing objects:  56% (17/30)    Kremote: Compressing objects:  60% (18/30)    Kremote: Compressing objects:  63% (19/30)    Kremote: Compressing objects:  66% (20/30)    Kremote: Compressing objects:  70% (21/30)    Kremote: Compressing objects:  73% (22/30)    Kremote: Compressing objects:  76% (23/30)    Kremote: Compressing objects:  80% (24/30)    Kremote: Compressing objects:  83% (25/30)    Kremote: Compressing objects:  86% (26/30)    Kremote: Compressing objects:  90% (27/30)    Kremote: Compressing objects:  93% (28/30)    Kremote: Compressing objects:  96% (29/30)    Kremote: Compressing objects: 100% (30/30)    Kremote: Compressing objects: 100% (30/30), done. K
remote: Total 42 (delta 17), reused 31 (delta 10), pack-reused 0 K
Unpacking objects:   2% (1/42)   Unpacking objects:   4% (2/42)   Unpacking objects:   7% (3/42)   Unpacking objects:   9% (4/42)   Unpacking objects:  11% (5/42)   Unpacking objects:  14% (6/42)   Unpacking objects:  16% (7/42)   Unpacking objects:  19% (8/42)   Unpacking objects:  21% (9/42)   Unpacking objects:  23% (10/42)   Unpacking objects:  26% (11/42)   Unpacking objects:  28% (12/42)   Unpacking objects:  30% (13/42)   Unpacking objects:  33% (14/42)   Unpacking objects:  35% (15/42)   Unpacking objects:  38% (16/42)   Unpacking objects:  40% (17/42)   Unpacking objects:  42% (18/42)   Unpacking objects:  45% (19/42)   Unpacking objects:  47% (20/42)   Unpacking objects:  50% (21/42)   Unpacking objects:  52% (22/42)   Unpacking objects:  54% (23/42)   Unpacking objects:  57% (24/42)   Unpacking objects:  59% (25/42)   Unpacking objects:  61% (26/42)   Unpacking objects:  64% (27/42)   Unpacking objects:  66% (28/42)   Unpacking objects:  69% (29/42)   Unpacking objects:  71% (30/42)   Unpacking objects:  73% (31/42)   Unpacking objects:  76% (32/42)   Unpacking objects:  78% (33/42)   Unpacking objects:  80% (34/42)   Unpacking objects:  83% (35/42)   Unpacking objects:  85% (36/42)   Unpacking objects:  88% (37/42)   Unpacking objects:  90% (38/42)   Unpacking objects:  92% (39/42)   Unpacking objects:  95% (40/42)   Unpacking objects:  97% (41/42)   Unpacking objects: 100% (42/42)   Unpacking objects: 100% (42/42), done.

travis_time:end:1f835ee8:start=1523153844429401701,finish=1523153845163004065,duration=733602364 0K$ cd MathSci/try_repo
$ git checkout -qf 21a6ce240c375947d9080b7501981951d09df810
travis_fold:end:git.checkout 0K
 33;1mSetting environment variables from .travis.yml 0m
$ export PYTHON=2.7
$ export PANDAS=0.22

travis_time:start:02f28b7f 0K$ source ~/virtualenv/python2.7/bin/activate

travis_time:end:02f28b7f:start=1523153849297437581,finish=1523153849304904790,duration=7467209 0K$ python -- version
Python 2.7.14
$ pip -- version
pip 9.0.1 from /home/travis/virtualenv/python2.7.14/lib/python2.7/site-packages (python 2.7)
travis_fold:start:install.1 0Ktravis_time:start:22b6ea0c 0K$ if [[ "$PYTHON" == "2.7" ]]; then wget http://repo.continuum.io/miniconda/Miniconda-latest-Linux-x86_64.sh -O miniconda.sh; else wget http://repo.continuum.io/miniconda/Miniconda3-latest-Linux-x86_64.sh -O miniconda.sh; fi
 -- 2018-04-08 02:17:29 -- http://repo.continuum.io/miniconda/Miniconda-latest-Linux-x86_64.sh
Resolving repo.continuum.io (repo.continuum.io)... 104.16.18.10, 104.16.19.10, 2400:cb00:2048:1::6810:130a, ...
Connecting to repo.continuum.io (repo.continuum.io)|104.16.18.10|:80... connected.
HTTP request sent, awaiting response... 301 Moved Permanently
Location: https://repo.continuum.io/miniconda/Miniconda-latest-Linux-x86_64.sh [following]
 -- 2018-04-08 02:17:29 -- https://repo.continuum.io/miniconda/Miniconda-latest-Linux-x86_64.sh
Connecting to repo.continuum.io (repo.continuum.io)|104.16.18.10|:443... connected.
HTTP request sent, awaiting response... 200 OK
Length: 27208383 (26M) [application/x-sh]
Saving to: ‘miniconda.sh'

 0% [                                       ] 0 -- .-K/s              100%[======================================>] 27,208,383   131MB/s   in 0.2s

2018-04-08 02:17:30 (131 MB/s) - ‘miniconda.sh' saved [27208383/27208383]


travis_time:end:22b6ea0c:start=1523153849801719173,finish=1523153850086060571,duration=284341398 0Ktravis_fold:end:install.1 0Ktravis_fold:start:install.2 0Ktravis_time:start:041648c0 0K$ bash miniconda.sh -b -p $HOME/miniconda
PREFIX=/home/travis/miniconda
installing: _cache-0.0-py27_x0 ...
installing: python-2.7.11-0 ...
installing: conda-env-2.4.5-py27_0 ...
installing: openssl-1.0.2g-0 ...
installing: pycosat-0.6.1-py27_0 ...
installing: pyyaml-3.11-py27_1 ...
installing: readline-6.2-2 ...
installing: requests-2.9.1-py27_0 ...
installing: sqlite-3.9.2-0 ...
installing: tk-8.5.18-0 ...
installing: yaml-0.1.6-0 ...
installing: zlib-1.2.8-0 ...
installing: conda-4.0.5-py27_0 ...
installing: pycrypto-2.6.1-py27_0 ...
installing: pip-8.1.1-py27_1 ...
installing: wheel-0.29.0-py27_0 ...
installing: setuptools-20.3-py27_0 ...
Python 2.7.11 :: Continuum Analytics, Inc.
creating default environment...
installation finished.

travis_time:end:041648c0:start=1523153850091544237,finish=1523153854823622145,duration=4732077908 0Ktravis_fold:end:install.2 0Ktravis_fold:start:install.3 0Ktravis_time:start:035364dc 0K$ export PATH="$HOME/miniconda/bin:$PATH"

travis_time:end:035364dc:start=1523153854829275480,finish=1523153854833897112,duration=4621632 0Ktravis_fold:end:install.3 0Ktravis_fold:start:install.4 0Ktravis_time:start:3229f158 0K$ hash -r

travis_time:end:3229f158:start=1523153854839444664,finish=1523153854844212276,duration=4767612 0Ktravis_fold:end:install.4 0Ktravis_fold:start:install.5 0Ktravis_time:start:04dce5e2 0K$ conda config -- set always_yes yes -- set changeps1 no

travis_time:end:04dce5e2:start=1523153854849906701,finish=1523153855011434335,duration=161527634 0Ktravis_fold:end:install.5 0Ktravis_fold:start:install.6 0Ktravis_time:start:0d9d968c 0K$ conda config -- add channels pandas

travis_time:end:0d9d968c:start=1523153855017130779,finish=1523153855189652017,duration=172521238 0Ktravis_fold:end:install.6 0Ktravis_fold:start:install.7 0Ktravis_time:start:010913c4 0K$ conda update -q conda
Fetching package metadata: ......
.Solving package specifications: .........

Package plan for installation in environment /home/travis/miniconda:

The following packages will be downloaded:

    package                    |            build
 --  --  --  --  --  --  --  --  --  --  --  --  -- -| --  --  --  --  --  --  --  -- -
    conda-env-2.6.0            |                0          502 B
    libffi-3.2.1               |                1          38 KB
    sqlite-3.13.0              |                0         4.0 MB
    python-2.7.13              |                0        11.5 MB
    asn1crypto-0.22.0          |           py27_0         145 KB
    enum34-1.1.6               |           py27_0          53 KB
    idna-2.6                   |           py27_0         122 KB
    ipaddress-1.0.18           |           py27_0          31 KB
    pycparser-2.18             |           py27_0         165 KB
    pyparsing-2.2.0            |           py27_0          94 KB
    requests-2.12.4            |           py27_0         762 KB
    ruamel_yaml-0.11.14        |           py27_1         361 KB
    six-1.10.0                 |           py27_0          16 KB
    cffi-1.10.0                |           py27_0         329 KB
    packaging-16.8             |           py27_0          30 KB
    cryptography-1.8.1         |           py27_0         850 KB
    pyopenssl-17.0.0           |           py27_0          74 KB
    conda-4.3.30               |   py27h6ae6dc7_0         507 KB
 --  --  --  --  --  --  --  --  --  --  --  --  --  --  --  --  --  --  --  --  --  --  --  --  --  --  --  --  --  -- 
                                           Total:        19.0 MB

The following NEW packages will be INSTALLED:

    asn1crypto:   0.22.0-py27_0
    cffi:         1.10.0-py27_0
    cryptography: 1.8.1-py27_0
    enum34:       1.1.6-py27_0
    idna:         2.6-py27_0
    ipaddress:    1.0.18-py27_0
    libffi:       3.2.1-1
    packaging:    16.8-py27_0
    pycparser:    2.18-py27_0
    pyopenssl:    17.0.0-py27_0
    pyparsing:    2.2.0-py27_0
    ruamel_yaml:  0.11.14-py27_1
    six:          1.10.0-py27_0

The following packages will be UPDATED:

    conda:        4.0.5-py27_0 -- > 4.3.30-py27h6ae6dc7_0
    conda-env:    2.4.5-py27_0 -- > 2.6.0-0
    python:       2.7.11-0 -- > 2.7.13-0
    requests:     2.9.1-py27_0 -- > 2.12.4-py27_0
    sqlite:       3.9.2-0 -- > 3.13.0-0


travis_time:end:010913c4:start=1523153855195424795,finish=1523153863391588295,duration=8196163500 0Ktravis_fold:end:install.7 0Ktravis_fold:start:install.8 0Ktravis_time:start:225c52d1 0K$ conda info -a
Current conda install:

               platform : linux-64
          conda version : 4.3.30
       conda is private : False
      conda-env version : 4.3.30
    conda-build version : not installed
         python version : 2.7.13.final.0
       requests version : 2.12.4
       root environment : /home/travis/miniconda  (writable)
    default environment : /home/travis/miniconda
       envs directories : /home/travis/miniconda/envs
                          /home/travis/.conda/envs
          package cache : /home/travis/miniconda/pkgs
                          /home/travis/.conda/pkgs
           channel URLs : https://conda.anaconda.org/pandas/linux-64
                          https://conda.anaconda.org/pandas/noarch
                          https://repo.continuum.io/pkgs/main/linux-64
                          https://repo.continuum.io/pkgs/main/noarch
                          https://repo.continuum.io/pkgs/free/linux-64
                          https://repo.continuum.io/pkgs/free/noarch
                          https://repo.continuum.io/pkgs/r/linux-64
                          https://repo.continuum.io/pkgs/r/noarch
                          https://repo.continuum.io/pkgs/pro/linux-64
                          https://repo.continuum.io/pkgs/pro/noarch
            config file : /home/travis/.condarc
             netrc file : None
           offline mode : False
             user-agent : conda/4.3.30 requests/2.12.4 CPython/2.7.13 Linux/4.14.12-041412-generic debian/jessie/sid glibc/2.19
                UID:GID : 2000:2000
# conda environments:
#
root                  *  /home/travis/miniconda

sys.version: 2.7.13 |Continuum Analytics, Inc.| (defa...
sys.prefix: /home/travis/miniconda
sys.executable: /home/travis/miniconda/bin/python
conda location: /home/travis/miniconda/lib/python2.7/site-packages/conda
conda-build: None
conda-env: /home/travis/miniconda/bin/conda-env
user site dirs:

CIO_TEST: <not set>
CONDA_DEFAULT_ENV: <not set>
CONDA_ENVS_PATH: <not set>
CONDA_ROOT: /home/travis/miniconda
DYLD_LIBRARY_PATH: <not set>
FTP_PROXY: <not set>
HTTPS_PROXY: <not set>
HTTP_PROXY: <not set>
LD_LIBRARY_PATH: <not set>
PATH: /home/travis/miniconda/bin:/home/travis/virtualenv/python2.7.14/bin:/home/travis/bin:/home/travis/.local/bin:/opt/pyenv/shims:/home/travis/.phpenv/shims:/home/travis/perl5/perlbrew/bin:/home/travis/.nvm/versions/node/v8.9.1/bin:/home/travis/.kiex/elixirs/elixir-1.4.5/bin:/home/travis/.kiex/bin:/home/travis/.rvm/gems/ruby-2.4.1/bin:/home/travis/.rvm/gems/ruby-2.4.1@global/bin:/home/travis/.rvm/rubies/ruby-2.4.1/bin:/home/travis/gopath/bin:/usr/local/phantomjs/bin:/usr/local/phantomjs:/usr/local/neo4j-3.2.7/bin:/usr/local/maven-3.5.2/bin:/usr/local/cmake-3.9.2/bin:/usr/local/clang-5.0.0/bin:/home/travis/.gimme/versions/go1.7.4.linux.amd64/bin:/usr/local/sbin:/usr/local/bin:/usr/sbin:/usr/bin:/sbin:/bin:/home/travis/.rvm/bin:/home/travis/.phpenv/bin:/opt/pyenv/bin:/home/travis/.yarn/bin
PYTHONHOME: <not set>
PYTHONPATH: <not set>
REQUESTS_CA_BUNDLE: <not set>
SSL_CERT_FILE: <not set>

WARNING: could not import _license.show_info
# try:
# $ conda install -n root _license

travis_time:end:225c52d1:start=1523153863397333496,finish=1523153863742451760,duration=345118264 0Ktravis_fold:end:install.8 0Ktravis_fold:start:install.9 0Ktravis_time:start:021702e4 0K$ conda create -q -n test-environment python=$PYTHON coverage setuptools html5lib lxml pytest pytest-cov wrapt


Package plan for installation in environment /home/travis/miniconda/envs/test-environment:

The following NEW packages will be INSTALLED:

    attrs:           17.4.0-py27_0
    ca-certificates: 2018.03.07-0
    certifi:         2018.1.18-py27_0
    coverage:        4.5.1-py27h14c3975_0
    funcsigs:        1.0.2-py27h83f16ab_0
    html5lib:        1.0b2-py27_1           pandas
    icu:             58.2-h9c2bf20_1
    libedit:         3.1-heed3624_0
    libffi:          3.2.1-hd88cf55_4
    libgcc-ng:       7.2.0-hdf63c60_3
    libstdcxx-ng:    7.2.0-hdf63c60_3
    libxml2:         2.9.8-hf84eae3_0
    libxslt:         1.1.32-h1312cb7_0
    lxml:            4.2.1-py27h23eabaa_0
    more-itertools:  4.1.0-py27_0
    ncurses:         6.0-h9df7e31_2
    openssl:         1.0.2o-h20670df_0
    pip:             9.0.3-py27_0
    pluggy:          0.6.0-py27h1f4f128_0
    py:              1.5.3-py27_0
    pytest:          3.5.0-py27_0
    pytest-cov:      2.5.1-py27hc4181bb_0
    python:          2.7.14-h1571d57_31
    readline:        7.0-ha6073c6_4
    setuptools:      39.0.1-py27_0
    six:             1.11.0-py27h5f960f1_1
    sqlite:          3.22.0-h1bed415_0
    tk:              8.6.7-hc745277_3
    wheel:           0.31.0-py27_0
    wrapt:           1.10.11-py27h04f6869_0
    xz:              5.2.3-h55aa19d_2
    zlib:            1.2.11-ha838bed_2



travis_time:end:021702e4:start=1523153863748354937,finish=1523153889637356342,duration=25889001405 0Ktravis_fold:end:install.9 0Ktravis_fold:start:install.10 0Ktravis_time:start:19028362 0K$ source activate test-environment

travis_time:end:19028362:start=1523153889642983005,finish=1523153890183130208,duration=540147203 0Ktravis_fold:end:install.10 0Ktravis_fold:start:install.11 0Ktravis_time:start:1a0172cc 0K$ if [[ "$PANDAS" == "MASTER" ]]; then conda install numpy pytz python-dateutil; PRE_WHEELS="https://7933911d6844c6c53a7d-47bd50c35cd79bd838daf386af554a83.ssl.cf2.rackcdn.com"; pip install -- pre -- upgrade -- timeout=60 -f $PRE_WHEELS pandas; else conda install pandas=$PANDAS; fi
Fetching package metadata .............
Solving package specifications: .

Package plan for installation in environment /home/travis/miniconda/envs/test-environment:

The following NEW packages will be INSTALLED:

    intel-openmp:    2018.0.0-8
    libgfortran-ng:  7.2.0-hdf63c60_3
    mkl:             2018.0.2-1
    mkl_fft:         1.0.1-py27h3010b51_0
    mkl_random:      1.0.1-py27h629b387_0
    numpy:           1.14.2-py27hdbf6ddf_1
    pandas:          0.22.0-py27hf484d3e_0
    python-dateutil: 2.7.2-py27_0
    pytz:            2018.3-py27_0

intel-openmp-2   0% || ETA: -- : -- : -- 0.00  B/s
libgfortran-ng   0% || ETA: -- : -- : -- 0.00  B/s
mkl-2018.0.2-1   0% || ETA: -- : -- : -- 0.00  B/s
pytz-2018.3-py   0% || ETA: -- : -- : -- 0.00  B/s
python-dateuti   0% || ETA: -- : -- : -- 0.00  B/s
mkl_fft-1.0.1-   0% || ETA: -- : -- : -- 0.00  B/s
mkl_random-1.0   0% || ETA: -- : -- : -- 0.00  B/s
numpy-1.14.2-p   0% || ETA: -- : -- : -- 0.00  B/s
pandas-0.22.0-   0% || ETA: -- : -- : -- 0.00  B/s

travis_time:end:1a0172cc:start=1523153890188698764,finish=1523153946046086785,duration=55857388021 0Ktravis_fold:end:install.11 0Ktravis_fold:start:install.12 0Ktravis_time:start:0201dc60 0K$ conda install flake8 matplotlib
Fetching package metadata .............
Solving package specifications: .

Package plan for installation in environment /home/travis/miniconda/envs/test-environment:

The following NEW packages will be INSTALLED:

    backports:                     1.0-py27h63c9359_1
    backports.functools_lru_cache: 1.5-py27_1
    backports_abc:                 0.5-py27h7b3c97b_0
    configparser:                  3.5.0-py27h5117587_0
    cycler:                        0.10.0-py27hc7354d3_0
    dbus:                          1.13.2-hc3f9b76_0
    enum34:                        1.1.6-py27h99a27e9_1
    expat:                         2.2.5-he0dffb1_0
    flake8:                        3.5.0-py27_1
    fontconfig:                    2.12.6-h49f89f6_0
    freetype:                      2.8-hab7d2ae_1
    functools32:                   3.2.3.2-py27h4ead58f_1
    futures:                       3.2.0-py27h7b459c0_0
    glib:                          2.53.6-h5d9569c_2
    gst-plugins-base:              1.12.4-h33fb286_0
    gstreamer:                     1.12.4-hb53b477_0
    jpeg:                          9b-h024ee3a_2
    kiwisolver:                    1.0.1-py27hc15e7b5_0
    libpng:                        1.6.34-hb9fc6fc_0
    libxcb:                        1.13-h1bed415_0
    matplotlib:                    2.2.2-py27h0e671d2_1
    mccabe:                        0.6.1-py27h0e7c7be_1
    pcre:                          8.41-hc27e229_1
    pycodestyle:                   2.3.1-py27h904819d_0
    pyflakes:                      1.6.0-py27h904a57d_0
    pyparsing:                     2.2.0-py27hf1513f8_1
    pyqt:                          5.9.2-py27h751905a_0
    qt:                            5.9.4-h4e5bff0_0
    singledispatch:                3.4.0.3-py27h9bcb476_0
    sip:                           4.19.8-py27hf484d3e_0
    subprocess32:                  3.2.7-py27h373dbce_0
    tornado:                       5.0.1-py27_1

expat-2.2.5-he   0% || ETA: -- : -- : -- 0.00  B/s
jpeg-9b-h024ee   0% || ETA: -- : -- : -- 0.00  B/s
libxcb-1.13-h1   0% || ETA: -- : -- : -- 0.00  B/s
pcre-8.41-hc27   0% || ETA: -- : -- : -- 0.00  B/s
glib-2.53.6-h5   0% || ETA: -- : -- : -- 0.00  B/s
libpng-1.6.34-   0% || ETA: -- : -- : -- 0.00  B/s
dbus-1.13.2-hc   0% || ETA: -- : -- : -- 0.00  B/s
freetype-2.8-h   0% || ETA: -- : -- : -- 0.00  B/s
gstreamer-1.12   0% || ETA: -- : -- : -- 0.00  B/s
fontconfig-2.1   0% || ETA: -- : -- : -- 0.00  B/s
gst-plugins-ba   0% || ETA: -- : -- : -- 0.00  B/s
backports-1.0-   0% || ETA: -- : -- : -- 0.00  B/s
backports_abc-   0% || ETA: -- : -- : -- 0.00  B/s
configparser-3   0% || ETA: -- : -- : -- 0.00  B/s
enum34-1.1.6-p   0% || ETA: -- : -- : -- 0.00  B/s
functools32-3.   0% || ETA: -- : -- : -- 0.00  B/s
futures-3.2.0-   0% || ETA: -- : -- : -- 0.00  B/s
kiwisolver-1.0   0% || ETA: -- : -- : -- 0.00  B/s
mccabe-0.6.1-p   0% || ETA: -- : -- : -- 0.00  B/s
pycodestyle-2.   0% || ETA: -- : -- : -- 0.00  B/s
pyparsing-2.2.   0% || ETA: -- : -- : -- 0.00  B/s
qt-5.9.4-h4e5b   0% || ETA: -- : -- : -- 0.00  B/s
sip-4.19.8-py2   0% || ETA: -- : -- : -- 0.00  B/s
subprocess32-3   0% || ETA: -- : -- : -- 0.00  B/s
cycler-0.10.0-   0% || ETA: -- : -- : -- 0.00  B/s
pyqt-5.9.2-py2   0% || ETA: -- : -- : -- 0.00  B/s
singledispatch   0% || ETA: -- : -- : -- 0.00  B/s
backports.func   0% || ETA: -- : -- : -- 0.00  B/s
pyflakes-1.6.0   0% || ETA: -- : -- : -- 0.00  B/s
tornado-5.0.1-   0% || ETA: -- : -- : -- 0.00  B/s
flake8-3.5.0-p   0% || ETA: -- : -- : -- 0.00  B/s
matplotlib-2.2   0% || ETA: -- : -- : -- 0.00  B/s

travis_time:end:0201dc60:start=1523153946052359686,finish=1523153988697540801,duration=42645181115 0Ktravis_fold:end:install.12 0Ktravis_fold:start:install.13 0Ktravis_time:start:0be6cc9d 0K$ conda list
# packages in environment at /home/travis/miniconda/envs/test-environment:
#
attrs                     17.4.0                   py27_0
backports                 1.0              py27h63c9359_1
backports.functools_lru_cache 1.5                      py27_1
backports_abc             0.5              py27h7b3c97b_0
ca-certificates           2018.03.07                    0
certifi                   2018.1.18                py27_0
configparser              3.5.0            py27h5117587_0
coverage                  4.5.1            py27h14c3975_0
cycler                    0.10.0           py27hc7354d3_0
dbus                      1.13.2               hc3f9b76_0
enum34                    1.1.6            py27h99a27e9_1
expat                     2.2.5                he0dffb1_0
flake8                    3.5.0                    py27_1
fontconfig                2.12.6               h49f89f6_0
freetype                  2.8                  hab7d2ae_1
funcsigs                  1.0.2            py27h83f16ab_0
functools32               3.2.3.2          py27h4ead58f_1
futures                   3.2.0            py27h7b459c0_0
glib                      2.53.6               h5d9569c_2
gst-plugins-base          1.12.4               h33fb286_0
gstreamer                 1.12.4               hb53b477_0
html5lib                  1.0b2                    py27_1    pandas
icu                       58.2                 h9c2bf20_1
intel-openmp              2018.0.0                      8
jpeg                      9b                   h024ee3a_2
kiwisolver                1.0.1            py27hc15e7b5_0
libedit                   3.1                  heed3624_0
libffi                    3.2.1                hd88cf55_4
libgcc-ng                 7.2.0                hdf63c60_3
libgfortran-ng            7.2.0                hdf63c60_3
libpng                    1.6.34               hb9fc6fc_0
libstdcxx-ng              7.2.0                hdf63c60_3
libxcb                    1.13                 h1bed415_0
libxml2                   2.9.8                hf84eae3_0
libxslt                   1.1.32               h1312cb7_0
lxml                      4.2.1            py27h23eabaa_0
matplotlib                2.2.2            py27h0e671d2_1
mccabe                    0.6.1            py27h0e7c7be_1
mkl                       2018.0.2                      1
mkl_fft                   1.0.1            py27h3010b51_0
mkl_random                1.0.1            py27h629b387_0
more-itertools            4.1.0                    py27_0
ncurses                   6.0                  h9df7e31_2
numpy                     1.14.2           py27hdbf6ddf_1
openssl                   1.0.2o               h20670df_0
pandas                    0.22.0           py27hf484d3e_0
pcre                      8.41                 hc27e229_1
pip                       9.0.3                    py27_0
pluggy                    0.6.0            py27h1f4f128_0
py                        1.5.3                    py27_0
pycodestyle               2.3.1            py27h904819d_0
pyflakes                  1.6.0            py27h904a57d_0
pyparsing                 2.2.0            py27hf1513f8_1
pyqt                      5.9.2            py27h751905a_0
pytest                    3.5.0                    py27_0
pytest-cov                2.5.1            py27hc4181bb_0
python                    2.7.14              h1571d57_31
python-dateutil           2.7.2                    py27_0
pytz                      2018.3                   py27_0
qt                        5.9.4                h4e5bff0_0
readline                  7.0                  ha6073c6_4
setuptools                39.0.1                   py27_0
singledispatch            3.4.0.3          py27h9bcb476_0
sip                       4.19.8           py27hf484d3e_0
six                       1.11.0           py27h5f960f1_1
sqlite                    3.22.0               h1bed415_0
subprocess32              3.2.7            py27h373dbce_0
tk                        8.6.7                hc745277_3
tornado                   5.0.1                    py27_1
wheel                     0.31.0                   py27_0
wrapt                     1.10.11          py27h04f6869_0
xz                        5.2.3                h55aa19d_2
zlib                      1.2.11               ha838bed_2

travis_time:end:0be6cc9d:start=1523153988703556552,finish=1523153989112029808,duration=408473256 0Ktravis_fold:end:install.13 0Ktravis_fold:start:install.14 0Ktravis_time:start:13ba86c2 0K$ python setup.py install

travis_time:end:13ba86c2:start=1523153989117992704,finish=1523153989139027007,duration=21034303 0Ktravis_fold:end:install.14 0Ktravis_time:start:0cdeb64f 0K$ pytest -s -r xX -- doctest-modules -- ignore=setup.py
 1m============================= test session starts ============================== 0m
platform linux2 -- Python 2.7.14, pytest-3.5.0, py-1.5.3, pluggy-0.6.0
rootdir: /home/travis/build/MathSci/try_repo, inifile:
plugins: cov-2.5.1
 1mcollecting 0 items                                                              0m 1mcollecting 1 item                                                               0m 1mcollecting 3 items                                                              0m 1mcollected 3 items                                                               0m

test_4pytest.py ...

 32m 1m=========================== 3 passed in 0.02 seconds =========================== 0m

travis_time:end:0cdeb64f:start=1523153989145230071,finish=1523153989581751515,duration=436521444 0K
 32;1mThe command "pytest -s -r xX -- doctest-modules -- ignore=setup.py" exited with 0. 0m
travis_time:start:0f6ada88 0K$ flake8 -- version
3.5.0 (mccabe: 0.6.1, pycodestyle: 2.3.1, pyflakes: 1.6.0) CPython 2.7.14 on Linux

travis_time:end:0f6ada88:start=1523153989587604914,finish=1523153989857541983,duration=269937069 0K
 32;1mThe command "flake8 -- version" exited with 0. 0m
travis_time:start:2e4d6162 0K$ flake8 test_4pytest.py

travis_time:end:2e4d6162:start=1523153989863711154,finish=1523153990311514741,duration=447803587 0K
 32;1mThe command "flake8 test_4pytest.py" exited with 0. 0m

Done. Your build exited with 0.
